Detecting C compiler ABI info failed to compile with the following output:
Change Dir: /mnt/d/computer science/Games101/pa2/build/CMakeFiles/CMakeTmp

Run Build Command(s):/usr/bin/gmake -f Makefile cmTC_d56e3/fast && /usr/bin/gmake  -f CMakeFiles/cmTC_d56e3.dir/build.make CMakeFiles/cmTC_d56e3.dir/build
gmake[1]: Entering directory '/mnt/d/computer science/Games101/pa2/build/CMakeFiles/CMakeTmp'
Building C object CMakeFiles/cmTC_d56e3.dir/CMakeCCompilerABI.c.o
"/mnt/d/MinGW compiler/mingw64/bin/gcc.exe"   -v -o CMakeFiles/cmTC_d56e3.dir/CMakeCCompilerABI.c.o -c /usr/share/cmake-3.22/Modules/CMakeCCompilerABI.c
gcc.exe: error: /usr/share/cmake-3.22/Modules/CMakeCCompilerABI.c: No such file or directory
Using built-in specs.
COLLECT_GCC=gcc.exe
Target: x86_64-w64-mingw32
Configured with: ../../../src/gcc-8.1.0/configure --host=x86_64-w64-mingw32 --build=x86_64-w64-mingw32 --target=x86_64-w64-mingw32 --prefix=/mingw64 --with-sysroot=/c/mingw810/x86_64-810-posix-sjlj-rt_v6-rev0/mingw64 --enable-shared --enable-static --enable-targets=all --enable-multilib --enable-languages=c,c++,fortran,lto --enable-libstdcxx-time=yes --enable-threads=posix --enable-libgomp --enable-libatomic --enable-lto --enable-graphite --enable-checking=release --enable-fully-dynamic-string --enable-version-specific-runtime-libs --enable-sjlj-exceptions --disable-libstdcxx-pch --disable-libstdcxx-debug --enable-bootstrap --disable-rpath --disable-win32-registry --disable-nls --disable-werror --disable-symvers --with-gnu-as --with-gnu-ld --with-arch-32=i686 --with-arch-64=nocona --with-tune-32=generic --with-tune-64=core2 --with-libiconv --with-system-zlib --with-gmp=/c/mingw810/prerequisites/x86_64-w64-mingw32-static --with-mpfr=/c/mingw810/prerequisites/x86_64-w64-mingw32-static --with-mpc=/c/mingw810/prerequisites/x86_64-w64-mingw32-static --with-isl=/c/mingw810/prerequisites/x86_64-w64-mingw32-static --with-pkgversion='x86_64-posix-sjlj-rev0, Built by MinGW-W64 project' --with-bugurl=https://sourceforge.net/projects/mingw-w64 CFLAGS='-O2 -pipe -fno-ident -I/c/mingw810/x86_64-810-posix-sjlj-rt_v6-rev0/mingw64/opt/include -I/c/mingw810/prerequisites/x86_64-zlib-static/include -I/c/mingw810/prerequisites/x86_64-w64-mingw32-static/include' CXXFLAGS='-O2 -pipe -fno-ident -I/c/mingw810/x86_64-810-posix-sjlj-rt_v6-rev0/mingw64/opt/include -I/c/mingw810/prerequisites/x86_64-zlib-static/include -I/c/mingw810/prerequisites/x86_64-w64-mingw32-static/include' CPPFLAGS=' -I/c/mingw810/x86_64-810-posix-sjlj-rt_v6-rev0/mingw64/opt/include -I/c/mingw810/prerequisites/x86_64-zlib-static/include -I/c/mingw810/prerequisites/x86_64-w64-mingw32-static/include' LDFLAGS='-pipe -fno-ident -L/c/mingw810/x86_64-810-posix-sjlj-rt_v6-rev0/mingw64/opt/lib -L/c/mingw810/prerequisites/x86_64-zlib-static/lib -L/c/mingw810/prerequisites/x86_64-w64-mingw32-static/lib '
Thread model: posix
gcc version 8.1.0 (x86_64-posix-sjlj-rev0, Built by MinGW-W64 project) 
Linking C executable cmTC_d56e3
/usr/bin/cmake -E cmake_link_script CMakeFiles/cmTC_d56e3.dir/link.txt --verbose=1
"/mnt/d/MinGW compiler/mingw64/bin/gcc.exe"  -v CMakeFiles/cmTC_d56e3.dir/CMakeCCompilerABI.c.o -o cmTC_d56e3 
gcc.exe: error: CMakeFiles/cmTC_d56e3.dir/CMakeCCompilerABI.c.o: No such file or directory
Using built-in specs.
COLLECT_GCC=gcc.exe
COLLECT_LTO_WRAPPER=D:/MinGW\ compiler/mingw64/bin/../libexec/gcc/x86_64-w64-mingw32/8.1.0/lto-wrapper.exe
Target: x86_64-w64-mingw32
Configured with: ../../../src/gcc-8.1.0/configure --host=x86_64-w64-mingw32 --build=x86_64-w64-mingw32 --target=x86_64-w64-mingw32 --prefix=/mingw64 --with-sysroot=/c/mingw810/x86_64-810-posix-sjlj-rt_v6-rev0/mingw64 --enable-shared --enable-static --enable-targets=all --enable-multilib --enable-languages=c,c++,fortran,lto --enable-libstdcxx-time=yes --enable-threads=posix --enable-libgomp --enable-libatomic --enable-lto --enable-graphite --enable-checking=release --enable-fully-dynamic-string --enable-version-specific-runtime-libs --enable-sjlj-exceptions --disable-libstdcxx-pch --disable-libstdcxx-debug --enable-bootstrap --disable-rpath --disable-win32-registry --disable-nls --disable-werror --disable-symvers --with-gnu-as --with-gnu-ld --with-arch-32=i686 --with-arch-64=nocona --with-tune-32=generic --with-tune-64=core2 --with-libiconv --with-system-zlib --with-gmp=/c/mingw810/prerequisites/x86_64-w64-mingw32-static --with-mpfr=/c/mingw810/prerequisites/x86_64-w64-mingw32-static --with-mpc=/c/mingw810/prerequisites/x86_64-w64-mingw32-static --with-isl=/c/mingw810/prerequisites/x86_64-w64-mingw32-static --with-pkgversion='x86_64-posix-sjlj-rev0, Built by MinGW-W64 project' --with-bugurl=https://sourceforge.net/projects/mingw-w64 CFLAGS='-O2 -pipe -fno-ident -I/c/mingw810/x86_64-810-posix-sjlj-rt_v6-rev0/mingw64/opt/include -I/c/mingw810/prerequisites/x86_64-zlib-static/include -I/c/mingw810/prerequisites/x86_64-w64-mingw32-static/include' CXXFLAGS='-O2 -pipe -fno-ident -I/c/mingw810/x86_64-810-posix-sjlj-rt_v6-rev0/mingw64/opt/include -I/c/mingw810/prerequisites/x86_64-zlib-static/include -I/c/mingw810/prerequisites/x86_64-w64-mingw32-static/include' CPPFLAGS=' -I/c/mingw810/x86_64-810-posix-sjlj-rt_v6-rev0/mingw64/opt/include -I/c/mingw810/prerequisites/x86_64-zlib-static/include -I/c/mingw810/prerequisites/x86_64-w64-mingw32-static/include' LDFLAGS='-pipe -fno-ident -L/c/mingw810/x86_64-810-posix-sjlj-rt_v6-rev0/mingw64/opt/lib -L/c/mingw810/prerequisites/x86_64-zlib-static/lib -L/c/mingw810/prerequisites/x86_64-w64-mingw32-static/lib '
Thread model: posix
gcc version 8.1.0 (x86_64-posix-sjlj-rev0, Built by MinGW-W64 project) 
gmake[1]: Leaving directory '/mnt/d/computer science/Games101/pa2/build/CMakeFiles/CMakeTmp'


Cannot copy output executable
  ''
to destination specified by COPY_FILE:
  '/mnt/d/computer science/Games101/pa2/build/CMakeFiles/3.22.1/CMakeDetermineCompilerABI_C.bin'
Unable to find the executable at any of:
  /mnt/d/computer science/Games101/pa2/build/CMakeFiles/CMakeTmp/cmTC_d56e3
  /mnt/d/computer science/Games101/pa2/build/CMakeFiles/CMakeTmp/Debug/cmTC_d56e3
  /mnt/d/computer science/Games101/pa2/build/CMakeFiles/CMakeTmp/Development/cmTC_d56e3


Determining if the C compiler works failed with the following output:
Change Dir: /mnt/d/computer science/Games101/pa2/build/CMakeFiles/CMakeTmp

Run Build Command(s):/usr/bin/gmake -f Makefile cmTC_05240/fast && /usr/bin/gmake  -f CMakeFiles/cmTC_05240.dir/build.make CMakeFiles/cmTC_05240.dir/build
gmake[1]: Entering directory '/mnt/d/computer science/Games101/pa2/build/CMakeFiles/CMakeTmp'
Building C object CMakeFiles/cmTC_05240.dir/testCCompiler.c.o
"/mnt/d/MinGW compiler/mingw64/bin/gcc.exe"    -o CMakeFiles/cmTC_05240.dir/testCCompiler.c.o -c "/mnt/d/computer science/Games101/pa2/build/CMakeFiles/CMakeTmp/testCCompiler.c"
gcc.exe: error: /mnt/d/computer science/Games101/pa2/build/CMakeFiles/CMakeTmp/testCCompiler.c: No such file or directory
gcc.exe: fatal error: no input files
compilation terminated.
gmake[1]: *** [CMakeFiles/cmTC_05240.dir/build.make:78: CMakeFiles/cmTC_05240.dir/testCCompiler.c.o] Error 1
gmake[1]: Leaving directory '/mnt/d/computer science/Games101/pa2/build/CMakeFiles/CMakeTmp'
gmake: *** [Makefile:127: cmTC_05240/fast] Error 2



Detecting C compiler ABI info failed to compile with the following output:
Change Dir: /mnt/d/computer science/Games101/pa2/build/CMakeFiles/CMakeTmp

Run Build Command(s):/usr/bin/gmake -f Makefile cmTC_ce2e9/fast && /usr/bin/gmake  -f CMakeFiles/cmTC_ce2e9.dir/build.make CMakeFiles/cmTC_ce2e9.dir/build
gmake[1]: Entering directory '/mnt/d/computer science/Games101/pa2/build/CMakeFiles/CMakeTmp'
Building C object CMakeFiles/cmTC_ce2e9.dir/CMakeCCompilerABI.c.o
"/mnt/d/MinGW compiler/mingw64/bin/gcc.exe"   -v -o CMakeFiles/cmTC_ce2e9.dir/CMakeCCompilerABI.c.o -c /usr/share/cmake-3.22/Modules/CMakeCCompilerABI.c
gcc.exe: error: /usr/share/cmake-3.22/Modules/CMakeCCompilerABI.c: No such file or directory
Using built-in specs.
COLLECT_GCC=gcc.exe
Target: x86_64-w64-mingw32
Configured with: ../../../src/gcc-8.1.0/configure --host=x86_64-w64-mingw32 --build=x86_64-w64-mingw32 --target=x86_64-w64-mingw32 --prefix=/mingw64 --with-sysroot=/c/mingw810/x86_64-810-posix-sjlj-rt_v6-rev0/mingw64 --enable-shared --enable-static --enable-targets=all --enable-multilib --enable-languages=c,c++,fortran,lto --enable-libstdcxx-time=yes --enable-threads=posix --enable-libgomp --enable-libatomic --enable-lto --enable-graphite --enable-checking=release --enable-fully-dynamic-string --enable-version-specific-runtime-libs --enable-sjlj-exceptions --disable-libstdcxx-pch --disable-libstdcxx-debug --enable-bootstrap --disable-rpath --disable-win32-registry --disable-nls --disable-werror --disable-symvers --with-gnu-as --with-gnu-ld --with-arch-32=i686 --with-arch-64=nocona --with-tune-32=generic --with-tune-64=core2 --with-libiconv --with-system-zlib --with-gmp=/c/mingw810/prerequisites/x86_64-w64-mingw32-static --with-mpfr=/c/mingw810/prerequisites/x86_64-w64-mingw32-static --with-mpc=/c/mingw810/prerequisites/x86_64-w64-mingw32-static --with-isl=/c/mingw810/prerequisites/x86_64-w64-mingw32-static --with-pkgversion='x86_64-posix-sjlj-rev0, Built by MinGW-W64 project' --with-bugurl=https://sourceforge.net/projects/mingw-w64 CFLAGS='-O2 -pipe -fno-ident -I/c/mingw810/x86_64-810-posix-sjlj-rt_v6-rev0/mingw64/opt/include -I/c/mingw810/prerequisites/x86_64-zlib-static/include -I/c/mingw810/prerequisites/x86_64-w64-mingw32-static/include' CXXFLAGS='-O2 -pipe -fno-ident -I/c/mingw810/x86_64-810-posix-sjlj-rt_v6-rev0/mingw64/opt/include -I/c/mingw810/prerequisites/x86_64-zlib-static/include -I/c/mingw810/prerequisites/x86_64-w64-mingw32-static/include' CPPFLAGS=' -I/c/mingw810/x86_64-810-posix-sjlj-rt_v6-rev0/mingw64/opt/include -I/c/mingw810/prerequisites/x86_64-zlib-static/include -I/c/mingw810/prerequisites/x86_64-w64-mingw32-static/include' LDFLAGS='-pipe -fno-ident -L/c/mingw810/x86_64-810-posix-sjlj-rt_v6-rev0/mingw64/opt/lib -L/c/mingw810/prerequisites/x86_64-zlib-static/lib -L/c/mingw810/prerequisites/x86_64-w64-mingw32-static/lib '
Thread model: posix
gcc version 8.1.0 (x86_64-posix-sjlj-rev0, Built by MinGW-W64 project) 
Linking C executable cmTC_ce2e9
/usr/bin/cmake -E cmake_link_script CMakeFiles/cmTC_ce2e9.dir/link.txt --verbose=1
"/mnt/d/MinGW compiler/mingw64/bin/gcc.exe"  -v CMakeFiles/cmTC_ce2e9.dir/CMakeCCompilerABI.c.o -o cmTC_ce2e9 
gcc.exe: error: CMakeFiles/cmTC_ce2e9.dir/CMakeCCompilerABI.c.o: No such file or directory
Using built-in specs.
COLLECT_GCC=gcc.exe
COLLECT_LTO_WRAPPER=D:/MinGW\ compiler/mingw64/bin/../libexec/gcc/x86_64-w64-mingw32/8.1.0/lto-wrapper.exe
Target: x86_64-w64-mingw32
Configured with: ../../../src/gcc-8.1.0/configure --host=x86_64-w64-mingw32 --build=x86_64-w64-mingw32 --target=x86_64-w64-mingw32 --prefix=/mingw64 --with-sysroot=/c/mingw810/x86_64-810-posix-sjlj-rt_v6-rev0/mingw64 --enable-shared --enable-static --enable-targets=all --enable-multilib --enable-languages=c,c++,fortran,lto --enable-libstdcxx-time=yes --enable-threads=posix --enable-libgomp --enable-libatomic --enable-lto --enable-graphite --enable-checking=release --enable-fully-dynamic-string --enable-version-specific-runtime-libs --enable-sjlj-exceptions --disable-libstdcxx-pch --disable-libstdcxx-debug --enable-bootstrap --disable-rpath --disable-win32-registry --disable-nls --disable-werror --disable-symvers --with-gnu-as --with-gnu-ld --with-arch-32=i686 --with-arch-64=nocona --with-tune-32=generic --with-tune-64=core2 --with-libiconv --with-system-zlib --with-gmp=/c/mingw810/prerequisites/x86_64-w64-mingw32-static --with-mpfr=/c/mingw810/prerequisites/x86_64-w64-mingw32-static --with-mpc=/c/mingw810/prerequisites/x86_64-w64-mingw32-static --with-isl=/c/mingw810/prerequisites/x86_64-w64-mingw32-static --with-pkgversion='x86_64-posix-sjlj-rev0, Built by MinGW-W64 project' --with-bugurl=https://sourceforge.net/projects/mingw-w64 CFLAGS='-O2 -pipe -fno-ident -I/c/mingw810/x86_64-810-posix-sjlj-rt_v6-rev0/mingw64/opt/include -I/c/mingw810/prerequisites/x86_64-zlib-static/include -I/c/mingw810/prerequisites/x86_64-w64-mingw32-static/include' CXXFLAGS='-O2 -pipe -fno-ident -I/c/mingw810/x86_64-810-posix-sjlj-rt_v6-rev0/mingw64/opt/include -I/c/mingw810/prerequisites/x86_64-zlib-static/include -I/c/mingw810/prerequisites/x86_64-w64-mingw32-static/include' CPPFLAGS=' -I/c/mingw810/x86_64-810-posix-sjlj-rt_v6-rev0/mingw64/opt/include -I/c/mingw810/prerequisites/x86_64-zlib-static/include -I/c/mingw810/prerequisites/x86_64-w64-mingw32-static/include' LDFLAGS='-pipe -fno-ident -L/c/mingw810/x86_64-810-posix-sjlj-rt_v6-rev0/mingw64/opt/lib -L/c/mingw810/prerequisites/x86_64-zlib-static/lib -L/c/mingw810/prerequisites/x86_64-w64-mingw32-static/lib '
Thread model: posix
gcc version 8.1.0 (x86_64-posix-sjlj-rev0, Built by MinGW-W64 project) 
gmake[1]: Leaving directory '/mnt/d/computer science/Games101/pa2/build/CMakeFiles/CMakeTmp'


Cannot copy output executable
  ''
to destination specified by COPY_FILE:
  '/mnt/d/computer science/Games101/pa2/build/CMakeFiles/3.22.1/CMakeDetermineCompilerABI_C.bin'
Unable to find the executable at any of:
  /mnt/d/computer science/Games101/pa2/build/CMakeFiles/CMakeTmp/cmTC_ce2e9
  /mnt/d/computer science/Games101/pa2/build/CMakeFiles/CMakeTmp/Debug/cmTC_ce2e9
  /mnt/d/computer science/Games101/pa2/build/CMakeFiles/CMakeTmp/Development/cmTC_ce2e9


Determining if the C compiler works failed with the following output:
Change Dir: /mnt/d/computer science/Games101/pa2/build/CMakeFiles/CMakeTmp

Run Build Command(s):/usr/bin/gmake -f Makefile cmTC_3f350/fast && /usr/bin/gmake  -f CMakeFiles/cmTC_3f350.dir/build.make CMakeFiles/cmTC_3f350.dir/build
gmake[1]: Entering directory '/mnt/d/computer science/Games101/pa2/build/CMakeFiles/CMakeTmp'
Building C object CMakeFiles/cmTC_3f350.dir/testCCompiler.c.o
"/mnt/d/MinGW compiler/mingw64/bin/gcc.exe"    -o CMakeFiles/cmTC_3f350.dir/testCCompiler.c.o -c "/mnt/d/computer science/Games101/pa2/build/CMakeFiles/CMakeTmp/testCCompiler.c"
gcc.exe: error: /mnt/d/computer science/Games101/pa2/build/CMakeFiles/CMakeTmp/testCCompiler.c: No such file or directory
gcc.exe: fatal error: no input files
compilation terminated.
gmake[1]: *** [CMakeFiles/cmTC_3f350.dir/build.make:78: CMakeFiles/cmTC_3f350.dir/testCCompiler.c.o] Error 1
gmake[1]: Leaving directory '/mnt/d/computer science/Games101/pa2/build/CMakeFiles/CMakeTmp'
gmake: *** [Makefile:127: cmTC_3f350/fast] Error 2



Detecting C compiler ABI info failed to compile with the following output:
Change Dir: /mnt/d/computer science/Games101/pa2/build/CMakeFiles/CMakeTmp

Run Build Command(s):/usr/bin/gmake -f Makefile cmTC_af0d6/fast && /usr/bin/gmake  -f CMakeFiles/cmTC_af0d6.dir/build.make CMakeFiles/cmTC_af0d6.dir/build
gmake[1]: Entering directory '/mnt/d/computer science/Games101/pa2/build/CMakeFiles/CMakeTmp'
Building C object CMakeFiles/cmTC_af0d6.dir/CMakeCCompilerABI.c.o
"/mnt/d/MinGW compiler/mingw64/bin/gcc.exe"   -v -o CMakeFiles/cmTC_af0d6.dir/CMakeCCompilerABI.c.o -c /usr/share/cmake-3.22/Modules/CMakeCCompilerABI.c
gcc.exe: error: /usr/share/cmake-3.22/Modules/CMakeCCompilerABI.c: No such file or directory
Using built-in specs.
COLLECT_GCC=gcc.exe
Target: x86_64-w64-mingw32
Configured with: ../../../src/gcc-8.1.0/configure --host=x86_64-w64-mingw32 --build=x86_64-w64-mingw32 --target=x86_64-w64-mingw32 --prefix=/mingw64 --with-sysroot=/c/mingw810/x86_64-810-posix-sjlj-rt_v6-rev0/mingw64 --enable-shared --enable-static --enable-targets=all --enable-multilib --enable-languages=c,c++,fortran,lto --enable-libstdcxx-time=yes --enable-threads=posix --enable-libgomp --enable-libatomic --enable-lto --enable-graphite --enable-checking=release --enable-fully-dynamic-string --enable-version-specific-runtime-libs --enable-sjlj-exceptions --disable-libstdcxx-pch --disable-libstdcxx-debug --enable-bootstrap --disable-rpath --disable-win32-registry --disable-nls --disable-werror --disable-symvers --with-gnu-as --with-gnu-ld --with-arch-32=i686 --with-arch-64=nocona --with-tune-32=generic --with-tune-64=core2 --with-libiconv --with-system-zlib --with-gmp=/c/mingw810/prerequisites/x86_64-w64-mingw32-static --with-mpfr=/c/mingw810/prerequisites/x86_64-w64-mingw32-static --with-mpc=/c/mingw810/prerequisites/x86_64-w64-mingw32-static --with-isl=/c/mingw810/prerequisites/x86_64-w64-mingw32-static --with-pkgversion='x86_64-posix-sjlj-rev0, Built by MinGW-W64 project' --with-bugurl=https://sourceforge.net/projects/mingw-w64 CFLAGS='-O2 -pipe -fno-ident -I/c/mingw810/x86_64-810-posix-sjlj-rt_v6-rev0/mingw64/opt/include -I/c/mingw810/prerequisites/x86_64-zlib-static/include -I/c/mingw810/prerequisites/x86_64-w64-mingw32-static/include' CXXFLAGS='-O2 -pipe -fno-ident -I/c/mingw810/x86_64-810-posix-sjlj-rt_v6-rev0/mingw64/opt/include -I/c/mingw810/prerequisites/x86_64-zlib-static/include -I/c/mingw810/prerequisites/x86_64-w64-mingw32-static/include' CPPFLAGS=' -I/c/mingw810/x86_64-810-posix-sjlj-rt_v6-rev0/mingw64/opt/include -I/c/mingw810/prerequisites/x86_64-zlib-static/include -I/c/mingw810/prerequisites/x86_64-w64-mingw32-static/include' LDFLAGS='-pipe -fno-ident -L/c/mingw810/x86_64-810-posix-sjlj-rt_v6-rev0/mingw64/opt/lib -L/c/mingw810/prerequisites/x86_64-zlib-static/lib -L/c/mingw810/prerequisites/x86_64-w64-mingw32-static/lib '
Thread model: posix
gcc version 8.1.0 (x86_64-posix-sjlj-rev0, Built by MinGW-W64 project) 
Linking C executable cmTC_af0d6
/usr/bin/cmake -E cmake_link_script CMakeFiles/cmTC_af0d6.dir/link.txt --verbose=1
"/mnt/d/MinGW compiler/mingw64/bin/gcc.exe"  -v CMakeFiles/cmTC_af0d6.dir/CMakeCCompilerABI.c.o -o cmTC_af0d6 
gcc.exe: error: CMakeFiles/cmTC_af0d6.dir/CMakeCCompilerABI.c.o: No such file or directory
Using built-in specs.
COLLECT_GCC=gcc.exe
COLLECT_LTO_WRAPPER=D:/MinGW\ compiler/mingw64/bin/../libexec/gcc/x86_64-w64-mingw32/8.1.0/lto-wrapper.exe
Target: x86_64-w64-mingw32
Configured with: ../../../src/gcc-8.1.0/configure --host=x86_64-w64-mingw32 --build=x86_64-w64-mingw32 --target=x86_64-w64-mingw32 --prefix=/mingw64 --with-sysroot=/c/mingw810/x86_64-810-posix-sjlj-rt_v6-rev0/mingw64 --enable-shared --enable-static --enable-targets=all --enable-multilib --enable-languages=c,c++,fortran,lto --enable-libstdcxx-time=yes --enable-threads=posix --enable-libgomp --enable-libatomic --enable-lto --enable-graphite --enable-checking=release --enable-fully-dynamic-string --enable-version-specific-runtime-libs --enable-sjlj-exceptions --disable-libstdcxx-pch --disable-libstdcxx-debug --enable-bootstrap --disable-rpath --disable-win32-registry --disable-nls --disable-werror --disable-symvers --with-gnu-as --with-gnu-ld --with-arch-32=i686 --with-arch-64=nocona --with-tune-32=generic --with-tune-64=core2 --with-libiconv --with-system-zlib --with-gmp=/c/mingw810/prerequisites/x86_64-w64-mingw32-static --with-mpfr=/c/mingw810/prerequisites/x86_64-w64-mingw32-static --with-mpc=/c/mingw810/prerequisites/x86_64-w64-mingw32-static --with-isl=/c/mingw810/prerequisites/x86_64-w64-mingw32-static --with-pkgversion='x86_64-posix-sjlj-rev0, Built by MinGW-W64 project' --with-bugurl=https://sourceforge.net/projects/mingw-w64 CFLAGS='-O2 -pipe -fno-ident -I/c/mingw810/x86_64-810-posix-sjlj-rt_v6-rev0/mingw64/opt/include -I/c/mingw810/prerequisites/x86_64-zlib-static/include -I/c/mingw810/prerequisites/x86_64-w64-mingw32-static/include' CXXFLAGS='-O2 -pipe -fno-ident -I/c/mingw810/x86_64-810-posix-sjlj-rt_v6-rev0/mingw64/opt/include -I/c/mingw810/prerequisites/x86_64-zlib-static/include -I/c/mingw810/prerequisites/x86_64-w64-mingw32-static/include' CPPFLAGS=' -I/c/mingw810/x86_64-810-posix-sjlj-rt_v6-rev0/mingw64/opt/include -I/c/mingw810/prerequisites/x86_64-zlib-static/include -I/c/mingw810/prerequisites/x86_64-w64-mingw32-static/include' LDFLAGS='-pipe -fno-ident -L/c/mingw810/x86_64-810-posix-sjlj-rt_v6-rev0/mingw64/opt/lib -L/c/mingw810/prerequisites/x86_64-zlib-static/lib -L/c/mingw810/prerequisites/x86_64-w64-mingw32-static/lib '
Thread model: posix
gcc version 8.1.0 (x86_64-posix-sjlj-rev0, Built by MinGW-W64 project) 
gmake[1]: Leaving directory '/mnt/d/computer science/Games101/pa2/build/CMakeFiles/CMakeTmp'


Cannot copy output executable
  ''
to destination specified by COPY_FILE:
  '/mnt/d/computer science/Games101/pa2/build/CMakeFiles/3.22.1/CMakeDetermineCompilerABI_C.bin'
Unable to find the executable at any of:
  /mnt/d/computer science/Games101/pa2/build/CMakeFiles/CMakeTmp/cmTC_af0d6
  /mnt/d/computer science/Games101/pa2/build/CMakeFiles/CMakeTmp/Debug/cmTC_af0d6
  /mnt/d/computer science/Games101/pa2/build/CMakeFiles/CMakeTmp/Development/cmTC_af0d6


Determining if the C compiler works failed with the following output:
Change Dir: /mnt/d/computer science/Games101/pa2/build/CMakeFiles/CMakeTmp

Run Build Command(s):/usr/bin/gmake -f Makefile cmTC_58438/fast && /usr/bin/gmake  -f CMakeFiles/cmTC_58438.dir/build.make CMakeFiles/cmTC_58438.dir/build
gmake[1]: Entering directory '/mnt/d/computer science/Games101/pa2/build/CMakeFiles/CMakeTmp'
Building C object CMakeFiles/cmTC_58438.dir/testCCompiler.c.o
"/mnt/d/MinGW compiler/mingw64/bin/gcc.exe"    -o CMakeFiles/cmTC_58438.dir/testCCompiler.c.o -c "/mnt/d/computer science/Games101/pa2/build/CMakeFiles/CMakeTmp/testCCompiler.c"
gcc.exe: error: /mnt/d/computer science/Games101/pa2/build/CMakeFiles/CMakeTmp/testCCompiler.c: No such file or directory
gcc.exe: fatal error: no input files
compilation terminated.
gmake[1]: *** [CMakeFiles/cmTC_58438.dir/build.make:78: CMakeFiles/cmTC_58438.dir/testCCompiler.c.o] Error 1
gmake[1]: Leaving directory '/mnt/d/computer science/Games101/pa2/build/CMakeFiles/CMakeTmp'
gmake: *** [Makefile:127: cmTC_58438/fast] Error 2



Detecting C compiler ABI info failed to compile with the following output:
Change Dir: /mnt/d/computer science/Games101/pa2/build/CMakeFiles/CMakeTmp

Run Build Command(s):/usr/bin/gmake -f Makefile cmTC_ec92b/fast && /usr/bin/gmake  -f CMakeFiles/cmTC_ec92b.dir/build.make CMakeFiles/cmTC_ec92b.dir/build
gmake[1]: Entering directory '/mnt/d/computer science/Games101/pa2/build/CMakeFiles/CMakeTmp'
Building C object CMakeFiles/cmTC_ec92b.dir/CMakeCCompilerABI.c.o
"/mnt/d/MinGW compiler/mingw64/bin/gcc.exe"   -v -o CMakeFiles/cmTC_ec92b.dir/CMakeCCompilerABI.c.o -c /usr/share/cmake-3.22/Modules/CMakeCCompilerABI.c
gcc.exe: error: /usr/share/cmake-3.22/Modules/CMakeCCompilerABI.c: No such file or directory
Using built-in specs.
COLLECT_GCC=gcc.exe
Target: x86_64-w64-mingw32
Configured with: ../../../src/gcc-8.1.0/configure --host=x86_64-w64-mingw32 --build=x86_64-w64-mingw32 --target=x86_64-w64-mingw32 --prefix=/mingw64 --with-sysroot=/c/mingw810/x86_64-810-posix-sjlj-rt_v6-rev0/mingw64 --enable-shared --enable-static --enable-targets=all --enable-multilib --enable-languages=c,c++,fortran,lto --enable-libstdcxx-time=yes --enable-threads=posix --enable-libgomp --enable-libatomic --enable-lto --enable-graphite --enable-checking=release --enable-fully-dynamic-string --enable-version-specific-runtime-libs --enable-sjlj-exceptions --disable-libstdcxx-pch --disable-libstdcxx-debug --enable-bootstrap --disable-rpath --disable-win32-registry --disable-nls --disable-werror --disable-symvers --with-gnu-as --with-gnu-ld --with-arch-32=i686 --with-arch-64=nocona --with-tune-32=generic --with-tune-64=core2 --with-libiconv --with-system-zlib --with-gmp=/c/mingw810/prerequisites/x86_64-w64-mingw32-static --with-mpfr=/c/mingw810/prerequisites/x86_64-w64-mingw32-static --with-mpc=/c/mingw810/prerequisites/x86_64-w64-mingw32-static --with-isl=/c/mingw810/prerequisites/x86_64-w64-mingw32-static --with-pkgversion='x86_64-posix-sjlj-rev0, Built by MinGW-W64 project' --with-bugurl=https://sourceforge.net/projects/mingw-w64 CFLAGS='-O2 -pipe -fno-ident -I/c/mingw810/x86_64-810-posix-sjlj-rt_v6-rev0/mingw64/opt/include -I/c/mingw810/prerequisites/x86_64-zlib-static/include -I/c/mingw810/prerequisites/x86_64-w64-mingw32-static/include' CXXFLAGS='-O2 -pipe -fno-ident -I/c/mingw810/x86_64-810-posix-sjlj-rt_v6-rev0/mingw64/opt/include -I/c/mingw810/prerequisites/x86_64-zlib-static/include -I/c/mingw810/prerequisites/x86_64-w64-mingw32-static/include' CPPFLAGS=' -I/c/mingw810/x86_64-810-posix-sjlj-rt_v6-rev0/mingw64/opt/include -I/c/mingw810/prerequisites/x86_64-zlib-static/include -I/c/mingw810/prerequisites/x86_64-w64-mingw32-static/include' LDFLAGS='-pipe -fno-ident -L/c/mingw810/x86_64-810-posix-sjlj-rt_v6-rev0/mingw64/opt/lib -L/c/mingw810/prerequisites/x86_64-zlib-static/lib -L/c/mingw810/prerequisites/x86_64-w64-mingw32-static/lib '
Thread model: posix
gcc version 8.1.0 (x86_64-posix-sjlj-rev0, Built by MinGW-W64 project) 
Linking C executable cmTC_ec92b
/usr/bin/cmake -E cmake_link_script CMakeFiles/cmTC_ec92b.dir/link.txt --verbose=1
"/mnt/d/MinGW compiler/mingw64/bin/gcc.exe"  -v CMakeFiles/cmTC_ec92b.dir/CMakeCCompilerABI.c.o -o cmTC_ec92b 
gcc.exe: error: CMakeFiles/cmTC_ec92b.dir/CMakeCCompilerABI.c.o: No such file or directory
Using built-in specs.
COLLECT_GCC=gcc.exe
COLLECT_LTO_WRAPPER=D:/MinGW\ compiler/mingw64/bin/../libexec/gcc/x86_64-w64-mingw32/8.1.0/lto-wrapper.exe
Target: x86_64-w64-mingw32
Configured with: ../../../src/gcc-8.1.0/configure --host=x86_64-w64-mingw32 --build=x86_64-w64-mingw32 --target=x86_64-w64-mingw32 --prefix=/mingw64 --with-sysroot=/c/mingw810/x86_64-810-posix-sjlj-rt_v6-rev0/mingw64 --enable-shared --enable-static --enable-targets=all --enable-multilib --enable-languages=c,c++,fortran,lto --enable-libstdcxx-time=yes --enable-threads=posix --enable-libgomp --enable-libatomic --enable-lto --enable-graphite --enable-checking=release --enable-fully-dynamic-string --enable-version-specific-runtime-libs --enable-sjlj-exceptions --disable-libstdcxx-pch --disable-libstdcxx-debug --enable-bootstrap --disable-rpath --disable-win32-registry --disable-nls --disable-werror --disable-symvers --with-gnu-as --with-gnu-ld --with-arch-32=i686 --with-arch-64=nocona --with-tune-32=generic --with-tune-64=core2 --with-libiconv --with-system-zlib --with-gmp=/c/mingw810/prerequisites/x86_64-w64-mingw32-static --with-mpfr=/c/mingw810/prerequisites/x86_64-w64-mingw32-static --with-mpc=/c/mingw810/prerequisites/x86_64-w64-mingw32-static --with-isl=/c/mingw810/prerequisites/x86_64-w64-mingw32-static --with-pkgversion='x86_64-posix-sjlj-rev0, Built by MinGW-W64 project' --with-bugurl=https://sourceforge.net/projects/mingw-w64 CFLAGS='-O2 -pipe -fno-ident -I/c/mingw810/x86_64-810-posix-sjlj-rt_v6-rev0/mingw64/opt/include -I/c/mingw810/prerequisites/x86_64-zlib-static/include -I/c/mingw810/prerequisites/x86_64-w64-mingw32-static/include' CXXFLAGS='-O2 -pipe -fno-ident -I/c/mingw810/x86_64-810-posix-sjlj-rt_v6-rev0/mingw64/opt/include -I/c/mingw810/prerequisites/x86_64-zlib-static/include -I/c/mingw810/prerequisites/x86_64-w64-mingw32-static/include' CPPFLAGS=' -I/c/mingw810/x86_64-810-posix-sjlj-rt_v6-rev0/mingw64/opt/include -I/c/mingw810/prerequisites/x86_64-zlib-static/include -I/c/mingw810/prerequisites/x86_64-w64-mingw32-static/include' LDFLAGS='-pipe -fno-ident -L/c/mingw810/x86_64-810-posix-sjlj-rt_v6-rev0/mingw64/opt/lib -L/c/mingw810/prerequisites/x86_64-zlib-static/lib -L/c/mingw810/prerequisites/x86_64-w64-mingw32-static/lib '
Thread model: posix
gcc version 8.1.0 (x86_64-posix-sjlj-rev0, Built by MinGW-W64 project) 
gmake[1]: Leaving directory '/mnt/d/computer science/Games101/pa2/build/CMakeFiles/CMakeTmp'


Cannot copy output executable
  ''
to destination specified by COPY_FILE:
  '/mnt/d/computer science/Games101/pa2/build/CMakeFiles/3.22.1/CMakeDetermineCompilerABI_C.bin'
Unable to find the executable at any of:
  /mnt/d/computer science/Games101/pa2/build/CMakeFiles/CMakeTmp/cmTC_ec92b
  /mnt/d/computer science/Games101/pa2/build/CMakeFiles/CMakeTmp/Debug/cmTC_ec92b
  /mnt/d/computer science/Games101/pa2/build/CMakeFiles/CMakeTmp/Development/cmTC_ec92b


Determining if the C compiler works failed with the following output:
Change Dir: /mnt/d/computer science/Games101/pa2/build/CMakeFiles/CMakeTmp

Run Build Command(s):/usr/bin/gmake -f Makefile cmTC_25b73/fast && /usr/bin/gmake  -f CMakeFiles/cmTC_25b73.dir/build.make CMakeFiles/cmTC_25b73.dir/build
gmake[1]: Entering directory '/mnt/d/computer science/Games101/pa2/build/CMakeFiles/CMakeTmp'
Building C object CMakeFiles/cmTC_25b73.dir/testCCompiler.c.o
"/mnt/d/MinGW compiler/mingw64/bin/gcc.exe"    -o CMakeFiles/cmTC_25b73.dir/testCCompiler.c.o -c "/mnt/d/computer science/Games101/pa2/build/CMakeFiles/CMakeTmp/testCCompiler.c"
gcc.exe: error: /mnt/d/computer science/Games101/pa2/build/CMakeFiles/CMakeTmp/testCCompiler.c: No such file or directory
gcc.exe: fatal error: no input files
compilation terminated.
gmake[1]: *** [CMakeFiles/cmTC_25b73.dir/build.make:78: CMakeFiles/cmTC_25b73.dir/testCCompiler.c.o] Error 1
gmake[1]: Leaving directory '/mnt/d/computer science/Games101/pa2/build/CMakeFiles/CMakeTmp'
gmake: *** [Makefile:127: cmTC_25b73/fast] Error 2



